<?xml version="1.0" encoding="UTF-8"?>
<testng-results ignored="0" total="1" passed="1" failed="0" skipped="0">
  <reporter-output>
  </reporter-output>
  <suite started-at="2024-06-24T16:47:00 PDT" name="Suite" finished-at="2024-06-24T16:47:10 PDT" duration-ms="10002">
    <groups>
    </groups>
    <test started-at="2024-06-24T16:47:00 PDT" name="Test" finished-at="2024-06-24T16:47:10 PDT" duration-ms="10002">
      <class name="testCases.LoginPageTest">
        <test-method is-config="true" signature="browserConfig()[pri:0, instance:testCases.LoginPageTest@6b3e12b5]" started-at="2024-06-24T16:47:00 PDT" name="browserConfig" finished-at="2024-06-24T16:47:07 PDT" duration-ms="7448" status="PASS">
          <reporter-output>
          </reporter-output>
        </test-method> <!-- browserConfig -->
        <test-method signature="login()[pri:0, instance:testCases.LoginPageTest@6b3e12b5]" started-at="2024-06-24T16:47:07 PDT" name="login" finished-at="2024-06-24T16:47:09 PDT" duration-ms="1836" status="PASS">
          <reporter-output>
          </reporter-output>
        </test-method> <!-- login -->
        <test-method is-config="true" signature="tearDown()[pri:0, instance:testCases.LoginPageTest@6b3e12b5]" started-at="2024-06-24T16:47:09 PDT" name="tearDown" finished-at="2024-06-24T16:47:10 PDT" duration-ms="681" status="PASS">
          <reporter-output>
          </reporter-output>
        </test-method> <!-- tearDown -->
      </class> <!-- testCases.LoginPageTest -->
    </test> <!-- Test -->
  </suite> <!-- Suite -->
</testng-results>
